<?xml version="1.0" encoding="UTF-8"?>
<!-- Generated by org.testng.reporters.JUnitReportReporter -->
<testsuite hostname="LAPTOP-D6EH55C7" failures="0" tests="2" name="testCases.LoginTest" time="17.850" errors="0" timestamp="2023-10-02T17:28:45 IST" skipped="0">
  <testcase classname="testCases.LoginTest" name="loginToApplication" time="15.081"/>
  <testcase classname="testCases.LoginTest" name="loginToApplication" time="2.769"/>
</testsuite> <!-- testCases.LoginTest -->
