<?xml version="1.0" encoding="UTF-8"?>
<!-- Generated by org.testng.reporters.JUnitReportReporter -->
<testsuite hostname="LAPTOP-D6EH55C7" failures="0" tests="2" name="testCases.LoginTest" time="14.563" errors="0" timestamp="2023-09-20T23:47:36 IST" skipped="0">
  <testcase classname="testCases.LoginTest" name="loginToApplication" time="2.692"/>
  <system-out/>
  <testcase classname="testCases.LoginTest" name="loginToApplication" time="11.871"/>
  <system-out/>
</testsuite> <!-- testCases.LoginTest -->
